<?xml version="1.0" encoding="UTF-8"?>
<!-- Generated by org.testng.reporters.JUnitReportReporter -->
<testsuite hostname="DESKTOP-R2FJBMT" failures="0" tests="1" name="Demo.FirstExample" time="74.884" errors="0" timestamp="2022-02-19T18:54:42 CAT" skipped="0">
  <testcase classname="Demo.FirstExample" name="test1" time="74.884"/>
  <system-out/>
</testsuite> <!-- Demo.FirstExample -->
